{"/home/vagrant/test1/cichallenge/app.js": {"path":"/home/vagrant/test1/cichallenge/app.js","statementMap":{"0":{"start":{"line":1,"column":16},"end":{"line":1,"column":34}},"1":{"start":{"line":3,"column":12},"end":{"line":3,"column":21}},"2":{"start":{"line":5,"column":0},"end":{"line":5,"column":23}},"3":{"start":{"line":6,"column":0},"end":{"line":14,"column":2}},"4":{"start":{"line":7,"column":33},"end":{"line":7,"column":41}},"5":{"start":{"line":8,"column":2},"end":{"line":11,"column":3}},"6":{"start":{"line":9,"column":4},"end":{"line":9,"column":23}},"7":{"start":{"line":10,"column":4},"end":{"line":10,"column":10}},"8":{"start":{"line":13,"column":2},"end":{"line":13,"column":25}},"9":{"start":{"line":15,"column":0},"end":{"line":15,"column":20}}},"fnMap":{"0":{"name":"(anonymous_0)","decl":{"start":{"line":6,"column":19},"end":{"line":6,"column":20}},"loc":{"start":{"line":6,"column":39},"end":{"line":14,"column":1}},"line":6}},"branchMap":{"0":{"loc":{"start":{"line":8,"column":2},"end":{"line":11,"column":3}},"type":"if","locations":[{"start":{"line":8,"column":2},"end":{"line":11,"column":3}},{"start":{"line":8,"column":2},"end":{"line":11,"column":3}}],"line":8},"1":{"loc":{"start":{"line":8,"column":6},"end":{"line":8,"column":28}},"type":"binary-expr","locations":[{"start":{"line":8,"column":6},"end":{"line":8,"column":15}},{"start":{"line":8,"column":19},"end":{"line":8,"column":28}}],"line":8}},"s":{"0":1,"1":1,"2":1,"3":1,"4":6,"5":6,"6":3,"7":3,"8":3,"9":1},"f":{"0":6},"b":{"0":[3,3],"1":[6,4]},"_coverageSchema":"1a1c01bbd47fc00a2c39e90264f33305004495a9","hash":"d79c37753cbec5930419288e7d0e683d6d2d9ccc"}
}
